Compiled jquery.js  (3ms)  (pid 17269)
Compiled jquery_ujs.js  (0ms)  (pid 17269)
Compiled bootstrap-transition.js  (0ms)  (pid 17269)
Compiled bootstrap-affix.js  (0ms)  (pid 17269)
Compiled bootstrap-alert.js  (0ms)  (pid 17269)
Compiled bootstrap-button.js  (0ms)  (pid 17269)
Compiled bootstrap-carousel.js  (0ms)  (pid 17269)
Compiled bootstrap-collapse.js  (0ms)  (pid 17269)
Compiled bootstrap-dropdown.js  (0ms)  (pid 17269)
Compiled bootstrap-modal.js  (0ms)  (pid 17269)
Compiled bootstrap-scrollspy.js  (0ms)  (pid 17269)
Compiled bootstrap-tab.js  (0ms)  (pid 17269)
Compiled bootstrap-tooltip.js  (0ms)  (pid 17269)
Compiled bootstrap-popover.js  (0ms)  (pid 17269)
Compiled bootstrap-typeahead.js  (0ms)  (pid 17269)
Compiled bootstrap.js  (921ms)  (pid 17269)
Compiled home.js  (398ms)  (pid 17269)
Compiled jquery.externalscript.js  (0ms)  (pid 17269)
Compiled jquery.readyselector.js  (0ms)  (pid 17269)
Compiled registrations.js  (0ms)  (pid 17269)
Compiled application.js  (1713ms)  (pid 17269)
Compiled bootstrap_and_overrides.css  (10466ms)  (pid 17269)
Compiled home.css  (8ms)  (pid 17269)
Compiled pricing.css  (60ms)  (pid 17269)
Compiled application.css  (10986ms)  (pid 17269)
Compiled jquery.js  (3ms)  (pid 17269)
Compiled jquery_ujs.js  (0ms)  (pid 17269)
Compiled bootstrap-transition.js  (0ms)  (pid 17269)
Compiled bootstrap-affix.js  (0ms)  (pid 17269)
Compiled bootstrap-alert.js  (0ms)  (pid 17269)
Compiled bootstrap-button.js  (0ms)  (pid 17269)
Compiled bootstrap-carousel.js  (0ms)  (pid 17269)
Compiled bootstrap-collapse.js  (0ms)  (pid 17269)
Compiled bootstrap-dropdown.js  (0ms)  (pid 17269)
Compiled bootstrap-modal.js  (0ms)  (pid 17269)
Compiled bootstrap-scrollspy.js  (0ms)  (pid 17269)
Compiled bootstrap-tab.js  (0ms)  (pid 17269)
Compiled bootstrap-tooltip.js  (0ms)  (pid 17269)
Compiled bootstrap-popover.js  (0ms)  (pid 17269)
Compiled bootstrap-typeahead.js  (0ms)  (pid 17269)
Compiled bootstrap.js  (823ms)  (pid 17269)
Compiled home.js  (317ms)  (pid 17269)
Compiled jquery.externalscript.js  (0ms)  (pid 17269)
Compiled jquery.readyselector.js  (0ms)  (pid 17269)
Compiled registrations.js  (0ms)  (pid 17269)
Compiled application.js  (1574ms)  (pid 17269)
Compiled bootstrap_and_overrides.css  (10892ms)  (pid 17269)
Compiled home.css  (2ms)  (pid 17269)
Compiled pricing.css  (6ms)  (pid 17269)
Compiled application.css  (11503ms)  (pid 17269)
